[2018-03-16 02:48:46,533] [WARNING] base : Session data corrupted
[2018-03-16 02:48:46,533] [WARNING] base : Session data corrupted
[2018-03-16 02:48:46,540] [INFO] basehttp : "GET /event_manage/ HTTP/1.1" 302 0
[2018-03-16 02:48:46,540] [INFO] basehttp : "GET /event_manage/ HTTP/1.1" 302 0
[2018-03-16 02:48:46,554] [INFO] basehttp : "GET /accounts/login/?next=/event_manage/ HTTP/1.1" 200 1471
[2018-03-16 02:48:46,554] [INFO] basehttp : "GET /accounts/login/?next=/event_manage/ HTTP/1.1" 200 1471
[2018-03-16 02:48:52,094] [WARNING] base : Session data corrupted
[2018-03-16 02:48:52,094] [WARNING] base : Session data corrupted
[2018-03-16 02:48:52,135] [INFO] basehttp : "POST /login_action/ HTTP/1.1" 302 0
[2018-03-16 02:48:52,135] [INFO] basehttp : "POST /login_action/ HTTP/1.1" 302 0
[2018-03-16 02:48:52,157] [INFO] basehttp : "GET /event_manage/ HTTP/1.1" 200 5245
[2018-03-16 02:48:52,157] [INFO] basehttp : "GET /event_manage/ HTTP/1.1" 200 5245
[2018-03-16 02:48:54,885] [INFO] basehttp : "GET /guest_manage/ HTTP/1.1" 200 4173
[2018-03-16 02:48:54,885] [INFO] basehttp : "GET /guest_manage/ HTTP/1.1" 200 4173
[2018-03-16 02:48:56,244] [INFO] basehttp : "GET /event_manage/ HTTP/1.1" 200 5245
[2018-03-16 02:48:56,244] [INFO] basehttp : "GET /event_manage/ HTTP/1.1" 200 5245
[2018-03-16 02:48:57,936] [INFO] basehttp : "GET /sign_index/1/ HTTP/1.1" 200 2779
[2018-03-16 02:48:57,936] [INFO] basehttp : "GET /sign_index/1/ HTTP/1.1" 200 2779
[2018-03-16 02:49:01,585] [INFO] basehttp : "GET /event_manage/ HTTP/1.1" 200 5245
[2018-03-16 02:49:01,585] [INFO] basehttp : "GET /event_manage/ HTTP/1.1" 200 5245
[2018-03-16 02:49:04,143] [INFO] basehttp : "GET /sign_index2/2/ HTTP/1.1" 200 1529
[2018-03-16 02:49:04,143] [INFO] basehttp : "GET /sign_index2/2/ HTTP/1.1" 200 1529
[2018-03-16 02:49:04,196] [WARNING] basehttp : "GET /static/js/jquery-1.10.2.min.js HTTP/1.1" 404 1682
[2018-03-16 02:49:04,196] [WARNING] basehttp : "GET /static/js/jquery-1.10.2.min.js HTTP/1.1" 404 1682
[2018-03-16 02:49:04,196] [WARNING] basehttp : "GET /static/css/draw_results.css HTTP/1.1" 404 1673
[2018-03-16 02:49:04,196] [WARNING] basehttp : "GET /static/css/draw_results.css HTTP/1.1" 404 1673
[2018-03-16 02:49:04,205] [WARNING] basehttp : "GET /static/js/conference_sign.js HTTP/1.1" 404 1676
[2018-03-16 02:49:04,205] [WARNING] basehttp : "GET /static/js/conference_sign.js HTTP/1.1" 404 1676
[2018-03-16 02:49:04,218] [WARNING] basehttp : "GET /static/js/jquery-1.10.2.min.js HTTP/1.1" 404 1682
[2018-03-16 02:49:04,218] [WARNING] basehttp : "GET /static/js/jquery-1.10.2.min.js HTTP/1.1" 404 1682
[2018-03-16 02:49:04,229] [WARNING] basehttp : "GET /static/js/conference_sign.js HTTP/1.1" 404 1676
[2018-03-16 02:49:04,229] [WARNING] basehttp : "GET /static/js/conference_sign.js HTTP/1.1" 404 1676
[2018-03-16 02:49:04,353] [WARNING] basehttp : "GET /static/image/favicon.ico HTTP/1.1" 404 1664
[2018-03-16 02:49:04,353] [WARNING] basehttp : "GET /static/image/favicon.ico HTTP/1.1" 404 1664
[2018-03-16 02:50:35,451] [INFO] basehttp : "GET /event_manage/ HTTP/1.1" 200 5245
[2018-03-16 02:50:35,451] [INFO] basehttp : "GET /event_manage/ HTTP/1.1" 200 5245
[2018-03-16 02:50:40,495] [INFO] basehttp : "GET /sign_index2/1/ HTTP/1.1" 200 1528
[2018-03-16 02:50:40,495] [INFO] basehttp : "GET /sign_index2/1/ HTTP/1.1" 200 1528
[2018-03-16 02:50:40,563] [WARNING] basehttp : "GET /static/css/draw_results.css HTTP/1.1" 404 1673
[2018-03-16 02:50:40,563] [WARNING] basehttp : "GET /static/css/draw_results.css HTTP/1.1" 404 1673
[2018-03-16 02:50:40,579] [WARNING] basehttp : "GET /static/js/jquery-1.10.2.min.js HTTP/1.1" 404 1682
[2018-03-16 02:50:40,579] [WARNING] basehttp : "GET /static/js/jquery-1.10.2.min.js HTTP/1.1" 404 1682
[2018-03-16 02:50:40,580] [WARNING] basehttp : "GET /static/js/conference_sign.js HTTP/1.1" 404 1676
[2018-03-16 02:50:40,580] [WARNING] basehttp : "GET /static/js/conference_sign.js HTTP/1.1" 404 1676
[2018-03-16 02:50:40,610] [WARNING] basehttp : "GET /static/js/conference_sign.js HTTP/1.1" 404 1676
[2018-03-16 02:50:40,610] [WARNING] basehttp : "GET /static/js/conference_sign.js HTTP/1.1" 404 1676
[2018-03-16 02:50:43,105] [INFO] basehttp : "GET /sign_index/2/ HTTP/1.1" 200 2780
[2018-03-16 02:50:43,105] [INFO] basehttp : "GET /sign_index/2/ HTTP/1.1" 200 2780
[2018-03-16 02:55:37,155] [INFO] basehttp : "POST /api/add_event/ HTTP/1.1" 200 47
[2018-03-16 02:55:37,155] [INFO] basehttp : "POST /api/add_event/ HTTP/1.1" 200 47
[2018-03-16 02:55:37,178] [INFO] basehttp : "POST /api/add_event/ HTTP/1.1" 200 98
[2018-03-16 02:55:37,178] [INFO] basehttp : "POST /api/add_event/ HTTP/1.1" 200 98
[2018-03-16 02:55:37,188] [INFO] basehttp : "POST /api/add_event/ HTTP/1.1" 200 55
[2018-03-16 02:55:37,188] [INFO] basehttp : "POST /api/add_event/ HTTP/1.1" 200 55
[2018-03-16 02:55:37,206] [INFO] basehttp : "POST /api/add_event/ HTTP/1.1" 200 57
[2018-03-16 02:55:37,206] [INFO] basehttp : "POST /api/add_event/ HTTP/1.1" 200 57
[2018-03-16 02:55:37,234] [INFO] basehttp : "POST /api/add_event/ HTTP/1.1" 200 47
[2018-03-16 02:55:37,234] [INFO] basehttp : "POST /api/add_event/ HTTP/1.1" 200 47
[2018-03-16 02:55:49,283] [INFO] basehttp : "POST /api/add_event/ HTTP/1.1" 200 47
[2018-03-16 02:55:49,283] [INFO] basehttp : "POST /api/add_event/ HTTP/1.1" 200 47
[2018-03-16 02:55:49,295] [INFO] basehttp : "POST /api/add_event/ HTTP/1.1" 200 98
[2018-03-16 02:55:49,295] [INFO] basehttp : "POST /api/add_event/ HTTP/1.1" 200 98
[2018-03-16 02:55:49,305] [INFO] basehttp : "POST /api/add_event/ HTTP/1.1" 200 55
[2018-03-16 02:55:49,305] [INFO] basehttp : "POST /api/add_event/ HTTP/1.1" 200 55
[2018-03-16 02:55:49,317] [INFO] basehttp : "POST /api/add_event/ HTTP/1.1" 200 57
[2018-03-16 02:55:49,317] [INFO] basehttp : "POST /api/add_event/ HTTP/1.1" 200 57
[2018-03-16 02:55:49,333] [INFO] basehttp : "POST /api/add_event/ HTTP/1.1" 200 47
[2018-03-16 02:55:49,333] [INFO] basehttp : "POST /api/add_event/ HTTP/1.1" 200 47
[2018-03-16 02:55:49,338] [INFO] basehttp : "POST /api/add_guest/ HTTP/1.1" 200 47
[2018-03-16 02:55:49,338] [INFO] basehttp : "POST /api/add_guest/ HTTP/1.1" 200 47
[2018-03-16 02:55:49,347] [INFO] basehttp : "POST /api/add_guest/ HTTP/1.1" 200 45
[2018-03-16 02:55:49,347] [INFO] basehttp : "POST /api/add_guest/ HTTP/1.1" 200 45
[2018-03-16 02:55:49,361] [INFO] basehttp : "POST /api/add_guest/ HTTP/1.1" 200 52
[2018-03-16 02:55:49,361] [INFO] basehttp : "POST /api/add_guest/ HTTP/1.1" 200 52
[2018-03-16 02:55:49,385] [INFO] basehttp : "POST /api/add_guest/ HTTP/1.1" 200 67
[2018-03-16 02:55:49,385] [INFO] basehttp : "POST /api/add_guest/ HTTP/1.1" 200 67
[2018-03-16 02:55:49,396] [INFO] basehttp : "POST /api/add_guest/ HTTP/1.1" 200 61
[2018-03-16 02:55:49,396] [INFO] basehttp : "POST /api/add_guest/ HTTP/1.1" 200 61
[2018-03-16 02:55:49,432] [INFO] basehttp : "POST /api/add_guest/ HTTP/1.1" 200 47
[2018-03-16 02:55:49,432] [INFO] basehttp : "POST /api/add_guest/ HTTP/1.1" 200 47
[2018-03-16 02:55:49,479] [INFO] basehttp : "POST /api/add_guest/ HTTP/1.1" 200 49
[2018-03-16 02:55:49,479] [INFO] basehttp : "POST /api/add_guest/ HTTP/1.1" 200 49
[2018-03-16 02:55:49,500] [INFO] basehttp : "GET /api/get_event_list/?eid=901 HTTP/1.1" 200 53
[2018-03-16 02:55:49,500] [INFO] basehttp : "GET /api/get_event_list/?eid=901 HTTP/1.1" 200 53
[2018-03-16 02:55:49,517] [INFO] basehttp : "GET /api/get_event_list/?eid=1 HTTP/1.1" 200 221
[2018-03-16 02:55:49,517] [INFO] basehttp : "GET /api/get_event_list/?eid=1 HTTP/1.1" 200 221
[2018-03-16 02:55:49,531] [INFO] basehttp : "GET /api/get_event_list/?name=abc HTTP/1.1" 200 53
[2018-03-16 02:55:49,531] [INFO] basehttp : "GET /api/get_event_list/?name=abc HTTP/1.1" 200 53
[2018-03-16 02:55:49,541] [INFO] basehttp : "GET /api/get_event_list/?name=%E5%8F%91%E5%B8%83%E4%BC%9A HTTP/1.1" 200 763
[2018-03-16 02:55:49,541] [INFO] basehttp : "GET /api/get_event_list/?name=%E5%8F%91%E5%B8%83%E4%BC%9A HTTP/1.1" 200 763
[2018-03-16 02:55:49,551] [INFO] basehttp : "GET /api/get_guest_list/?eid=901 HTTP/1.1" 200 53
[2018-03-16 02:55:49,551] [INFO] basehttp : "GET /api/get_guest_list/?eid=901 HTTP/1.1" 200 53
[2018-03-16 02:55:49,562] [INFO] basehttp : "GET /api/get_guest_list/?eid=1&phone=10000000000 HTTP/1.1" 200 53
[2018-03-16 02:55:49,562] [INFO] basehttp : "GET /api/get_guest_list/?eid=1&phone=10000000000 HTTP/1.1" 200 53
[2018-03-16 02:55:49,584] [INFO] basehttp : "GET /api/get_guest_list/?eid=1&phone=13511001100 HTTP/1.1" 200 132
[2018-03-16 02:55:49,584] [INFO] basehttp : "GET /api/get_guest_list/?eid=1&phone=13511001100 HTTP/1.1" 200 132
[2018-03-16 02:55:49,601] [INFO] basehttp : "GET /api/get_guest_list/?eid=1 HTTP/1.1" 200 297
[2018-03-16 02:55:49,601] [INFO] basehttp : "GET /api/get_guest_list/?eid=1 HTTP/1.1" 200 297
[2018-03-16 02:55:49,607] [INFO] basehttp : "GET /api/get_guest_list/?eid= HTTP/1.1" 200 51
[2018-03-16 02:55:49,607] [INFO] basehttp : "GET /api/get_guest_list/?eid= HTTP/1.1" 200 51
[2018-03-16 02:55:49,612] [INFO] basehttp : "POST /api/user_sign/ HTTP/1.1" 200 47
[2018-03-16 02:55:49,612] [INFO] basehttp : "POST /api/user_sign/ HTTP/1.1" 200 47
[2018-03-16 02:55:49,621] [INFO] basehttp : "POST /api/user_sign/ HTTP/1.1" 200 45
[2018-03-16 02:55:49,621] [INFO] basehttp : "POST /api/user_sign/ HTTP/1.1" 200 45
[2018-03-16 02:55:49,636] [INFO] basehttp : "POST /api/user_sign/ HTTP/1.1" 200 74
[2018-03-16 02:55:49,636] [INFO] basehttp : "POST /api/user_sign/ HTTP/1.1" 200 74
[2018-03-16 02:55:49,652] [INFO] basehttp : "POST /api/user_sign/ HTTP/1.1" 200 48
[2018-03-16 02:55:49,652] [INFO] basehttp : "POST /api/user_sign/ HTTP/1.1" 200 48
[2018-03-16 02:55:49,665] [INFO] basehttp : "POST /api/user_sign/ HTTP/1.1" 200 47
[2018-03-16 02:55:49,665] [INFO] basehttp : "POST /api/user_sign/ HTTP/1.1" 200 47
[2018-03-16 02:55:49,676] [INFO] basehttp : "POST /api/user_sign/ HTTP/1.1" 200 61
[2018-03-16 02:55:49,676] [INFO] basehttp : "POST /api/user_sign/ HTTP/1.1" 200 61
[2018-03-16 02:55:49,697] [INFO] basehttp : "POST /api/user_sign/ HTTP/1.1" 200 42
[2018-03-16 02:55:49,697] [INFO] basehttp : "POST /api/user_sign/ HTTP/1.1" 200 42
[2018-03-16 02:55:49,710] [INFO] basehttp : "POST /api/user_sign/ HTTP/1.1" 200 49
[2018-03-16 02:55:49,710] [INFO] basehttp : "POST /api/user_sign/ HTTP/1.1" 200 49
[2018-03-16 03:17:08,850] [WARNING] basehttp : "GET /api/ HTTP/1.1" 404 4684
[2018-03-16 03:17:08,850] [WARNING] basehttp : "GET /api/ HTTP/1.1" 404 4684
[2018-03-16 07:10:57,346] [INFO] basehttp : "POST /api/add_event/ HTTP/1.1" 200 47
[2018-03-16 07:10:57,346] [INFO] basehttp : "POST /api/add_event/ HTTP/1.1" 200 47
[2018-03-16 08:40:49,673] [INFO] basehttp : "GET / HTTP/1.1" 200 1471
[2018-03-16 08:40:49,673] [INFO] basehttp : "GET / HTTP/1.1" 200 1471
[2018-03-16 08:40:50,229] [WARNING] basehttp : "GET /favicon.ico HTTP/1.1" 404 3505
[2018-03-16 08:40:50,229] [WARNING] basehttp : "GET /favicon.ico HTTP/1.1" 404 3505
[2018-03-16 08:40:51,631] [INFO] basehttp : "POST /login_action/ HTTP/1.1" 302 0
[2018-03-16 08:40:51,631] [INFO] basehttp : "POST /login_action/ HTTP/1.1" 302 0
[2018-03-16 08:40:51,652] [INFO] basehttp : "GET /event_manage/ HTTP/1.1" 200 5667
[2018-03-16 08:40:51,652] [INFO] basehttp : "GET /event_manage/ HTTP/1.1" 200 5667
